[ 2015-07-01T14:13:34+08:00 ] 0.0.0.0 /kelun/
INFO: [ app_begin ] --START--
INFO: ReadHtmlCache Behavior ::run [ RunTime:0.003000s ]
INFO: [ app_begin ] --END-- [ RunTime:0.003000s ]
SQL: SHOW COLUMNS FROM `think_ship` [ RunTime:0.107006s ]
SQL: SELECT * FROM `think_ship` WHERE ( state = 1 )  [ RunTime:0.001000s ]
INFO: [ view_parse ] --START--
INFO: ParseTemplate Behavior ::run [ RunTime:0.040002s ]
INFO: [ view_parse ] --END-- [ RunTime:0.041002s ]
INFO: [ view_filter ] --START--
INFO: ContentReplace Behavior ::run [ RunTime:0.002000s ]
INFO: TokenBuild Behavior ::run [ RunTime:0.002000s ]
INFO: WriteHtmlCache Behavior ::run [ RunTime:0.001000s ]
INFO: ShowRuntime Behavior ::run [ RunTime:0.002000s ]
INFO: [ view_filter ] --END-- [ RunTime:0.008000s ]
INFO: [ view_end ] --START--
INFO: ShowPageTrace Behavior ::run [ RunTime:0.002001s ]
INFO: [ view_end ] --END-- [ RunTime:0.002001s ]

[ 2015-07-01T14:14:03+08:00 ] 0.0.0.0 /kelun/Home/Index/index_s
INFO: [ route_check ] --START--
INFO: CheckRoute Behavior ::run [ RunTime:0.003001s ]
INFO: [ route_check ] --END-- [ RunTime:0.003001s ]
INFO: [ app_begin ] --START--
INFO: ReadHtmlCache Behavior ::run [ RunTime:0.002000s ]
INFO: [ app_begin ] --END-- [ RunTime:0.003000s ]
SQL: SHOW COLUMNS FROM `think_ship` [ RunTime:0.007001s ]
SQL: SELECT * FROM `think_ship` WHERE (  ( `start` LIKE '%%' ) AND ( `end` LIKE '%起点6%' ) )  [ RunTime:0.023001s ]
INFO: [ view_parse ] --START--
INFO: ParseTemplate Behavior ::run [ RunTime:0.036002s ]
INFO: [ view_parse ] --END-- [ RunTime:0.036002s ]
INFO: [ view_filter ] --START--
INFO: ContentReplace Behavior ::run [ RunTime:0.001000s ]
INFO: TokenBuild Behavior ::run [ RunTime:0.002000s ]
INFO: WriteHtmlCache Behavior ::run [ RunTime:0.001000s ]
INFO: ShowRuntime Behavior ::run [ RunTime:0.002001s ]
INFO: [ view_filter ] --END-- [ RunTime:0.007001s ]
INFO: [ view_end ] --START--
INFO: ShowPageTrace Behavior ::run [ RunTime:0.002000s ]
INFO: [ view_end ] --END-- [ RunTime:0.002000s ]

[ 2015-07-01T14:14:07+08:00 ] 0.0.0.0 /kelun/Home/Index/index_s
INFO: [ route_check ] --START--
INFO: CheckRoute Behavior ::run [ RunTime:0.002000s ]
INFO: [ route_check ] --END-- [ RunTime:0.002000s ]
INFO: [ app_begin ] --START--
INFO: ReadHtmlCache Behavior ::run [ RunTime:0.002000s ]
INFO: [ app_begin ] --END-- [ RunTime:0.003000s ]
SQL: SHOW COLUMNS FROM `think_ship` [ RunTime:0.008001s ]
SQL: SELECT * FROM `think_ship` WHERE (  ( `start` LIKE '%%' ) AND ( `end` LIKE '%起点6%' ) )  [ RunTime:0.000000s ]
INFO: [ view_parse ] --START--
INFO: ParseTemplate Behavior ::run [ RunTime:0.037002s ]
INFO: [ view_parse ] --END-- [ RunTime:0.037002s ]
INFO: [ view_filter ] --START--
INFO: ContentReplace Behavior ::run [ RunTime:0.002000s ]
INFO: TokenBuild Behavior ::run [ RunTime:0.002000s ]
INFO: WriteHtmlCache Behavior ::run [ RunTime:0.001001s ]
INFO: ShowRuntime Behavior ::run [ RunTime:0.003000s ]
INFO: [ view_filter ] --END-- [ RunTime:0.008001s ]
INFO: [ view_end ] --START--
INFO: ShowPageTrace Behavior ::run [ RunTime:0.003000s ]
INFO: [ view_end ] --END-- [ RunTime:0.003000s ]

[ 2015-07-01T14:14:09+08:00 ] 0.0.0.0 /kelun/Home/Index/index_s
INFO: [ route_check ] --START--
INFO: CheckRoute Behavior ::run [ RunTime:0.002000s ]
INFO: [ route_check ] --END-- [ RunTime:0.003000s ]
INFO: [ app_begin ] --START--
INFO: ReadHtmlCache Behavior ::run [ RunTime:0.003000s ]
INFO: [ app_begin ] --END-- [ RunTime:0.003000s ]
SQL: SHOW COLUMNS FROM `think_ship` [ RunTime:0.009000s ]
SQL: SELECT * FROM `think_ship` WHERE (  ( `start` LIKE '%起点6%' ) AND ( `end` LIKE '%%' ) )  [ RunTime:0.001000s ]
INFO: [ view_parse ] --START--
INFO: ParseTemplate Behavior ::run [ RunTime:0.036002s ]
INFO: [ view_parse ] --END-- [ RunTime:0.037002s ]
INFO: [ view_filter ] --START--
INFO: ContentReplace Behavior ::run [ RunTime:0.004001s ]
INFO: TokenBuild Behavior ::run [ RunTime:0.002000s ]
INFO: WriteHtmlCache Behavior ::run [ RunTime:0.001000s ]
INFO: ShowRuntime Behavior ::run [ RunTime:0.002000s ]
INFO: [ view_filter ] --END-- [ RunTime:0.010001s ]
INFO: [ view_end ] --START--
INFO: ShowPageTrace Behavior ::run [ RunTime:0.002000s ]
INFO: [ view_end ] --END-- [ RunTime:0.002000s ]

[ 2015-07-01T14:14:17+08:00 ] 0.0.0.0 /kelun/Admin/Login/index
INFO: [ route_check ] --START--
INFO: CheckRoute Behavior ::run [ RunTime:0.001000s ]
INFO: [ route_check ] --END-- [ RunTime:0.003000s ]
INFO: [ app_begin ] --START--
INFO: ReadHtmlCache Behavior ::run [ RunTime:0.003000s ]
INFO: [ app_begin ] --END-- [ RunTime:0.003000s ]
INFO: [ view_parse ] --START--
NOTIC: [8] Undefined index: uid D:\wamp\www\kelun\App\Runtime\Cache\Admin\bca40b7d1a4e6c583b8575a0f14e6e09.php 第 30 行.
NOTIC: [2] in_array() expects parameter 2 to be array, null given D:\wamp\www\kelun\App\Modules\Admin\Common\function.php 第 11 行.
SQL: SELECT * FROM think_auth_group_access a LEFT JOIN think_auth_group g on a.group_id=g.id WHERE ( a.uid='' and g.status='1' )  [ RunTime:0.044003s ]
INFO: ParseTemplate Behavior ::run [ RunTime:0.133008s ]
INFO: [ view_parse ] --END-- [ RunTime:0.133008s ]
INFO: [ view_filter ] --START--
INFO: ContentReplace Behavior ::run [ RunTime:0.001000s ]
INFO: TokenBuild Behavior ::run [ RunTime:0.002000s ]
INFO: WriteHtmlCache Behavior ::run [ RunTime:0.001000s ]
INFO: ShowRuntime Behavior ::run [ RunTime:0.002000s ]
INFO: [ view_filter ] --END-- [ RunTime:0.007000s ]
INFO: [ view_end ] --START--
INFO: ShowPageTrace Behavior ::run [ RunTime:0.002000s ]
INFO: [ view_end ] --END-- [ RunTime:0.002000s ]

[ 2015-07-01T14:14:48+08:00 ] 0.0.0.0 /kelun/Admin/Login/login
INFO: [ route_check ] --START--
INFO: CheckRoute Behavior ::run [ RunTime:0.003000s ]
INFO: [ route_check ] --END-- [ RunTime:0.003000s ]
INFO: [ app_begin ] --START--
INFO: ReadHtmlCache Behavior ::run [ RunTime:0.002001s ]
INFO: [ app_begin ] --END-- [ RunTime:0.002001s ]
SQL: SHOW COLUMNS FROM `think_user` [ RunTime:0.035002s ]
SQL: SELECT * FROM `think_user` WHERE ( `username` = 'admin' ) LIMIT 1   [ RunTime:0.001000s ]

[ 2015-07-01T14:14:49+08:00 ] 0.0.0.0 /kelun/Admin/Index/index
INFO: [ route_check ] --START--
INFO: CheckRoute Behavior ::run [ RunTime:0.002000s ]
INFO: [ route_check ] --END-- [ RunTime:0.003000s ]
INFO: [ app_begin ] --START--
INFO: ReadHtmlCache Behavior ::run [ RunTime:0.002000s ]
INFO: [ app_begin ] --END-- [ RunTime:0.003000s ]
INFO: AuthCheck Behavior ::run [ RunTime:0.042003s ]
INFO: [ view_parse ] --START--
INFO: ParseTemplate Behavior ::run [ RunTime:0.040002s ]
INFO: [ view_parse ] --END-- [ RunTime:0.041002s ]
INFO: [ view_filter ] --START--
INFO: ContentReplace Behavior ::run [ RunTime:0.002000s ]
INFO: TokenBuild Behavior ::run [ RunTime:0.003000s ]
INFO: WriteHtmlCache Behavior ::run [ RunTime:0.001000s ]
INFO: ShowRuntime Behavior ::run [ RunTime:0.002001s ]
INFO: [ view_filter ] --END-- [ RunTime:0.009001s ]
INFO: [ view_end ] --START--
INFO: ShowPageTrace Behavior ::run [ RunTime:0.002000s ]
INFO: [ view_end ] --END-- [ RunTime:0.002000s ]

[ 2015-07-01T14:14:51+08:00 ] 0.0.0.0 /kelun/Admin/Auth/index
INFO: [ route_check ] --START--
INFO: CheckRoute Behavior ::run [ RunTime:0.002000s ]
INFO: [ route_check ] --END-- [ RunTime:0.002000s ]
INFO: [ app_begin ] --START--
INFO: ReadHtmlCache Behavior ::run [ RunTime:0.002000s ]
INFO: [ app_begin ] --END-- [ RunTime:0.003000s ]
INFO: AuthCheck Behavior ::run [ RunTime:0.004000s ]
INFO: [ view_parse ] --START--
SQL: SHOW COLUMNS FROM `think_cate` [ RunTime:0.054003s ]
SQL: SELECT * FROM `think_cate`  [ RunTime:0.004000s ]
NOTIC: [8] Use of undefined constant alink - assumed 'alink' D:\wamp\www\kelun\App\Runtime\Cache\Admin\eebfc9dedb06c477fd0a60054ae1c97a.php 第 62 行.
NOTIC: [8] Use of undefined constant alink - assumed 'alink' D:\wamp\www\kelun\App\Runtime\Cache\Admin\eebfc9dedb06c477fd0a60054ae1c97a.php 第 62 行.
NOTIC: [8] Use of undefined constant alink - assumed 'alink' D:\wamp\www\kelun\App\Runtime\Cache\Admin\eebfc9dedb06c477fd0a60054ae1c97a.php 第 62 行.
NOTIC: [8] Use of undefined constant alink - assumed 'alink' D:\wamp\www\kelun\App\Runtime\Cache\Admin\eebfc9dedb06c477fd0a60054ae1c97a.php 第 62 行.
NOTIC: [8] Use of undefined constant alink - assumed 'alink' D:\wamp\www\kelun\App\Runtime\Cache\Admin\eebfc9dedb06c477fd0a60054ae1c97a.php 第 62 行.
NOTIC: [8] Use of undefined constant alink - assumed 'alink' D:\wamp\www\kelun\App\Runtime\Cache\Admin\eebfc9dedb06c477fd0a60054ae1c97a.php 第 62 行.
INFO: ParseTemplate Behavior ::run [ RunTime:0.176010s ]
INFO: [ view_parse ] --END-- [ RunTime:0.177010s ]
INFO: [ view_filter ] --START--
INFO: ContentReplace Behavior ::run [ RunTime:0.002000s ]
INFO: TokenBuild Behavior ::run [ RunTime:0.001000s ]
INFO: WriteHtmlCache Behavior ::run [ RunTime:0.001000s ]
INFO: ShowRuntime Behavior ::run [ RunTime:0.002000s ]
INFO: [ view_filter ] --END-- [ RunTime:0.008000s ]
INFO: [ view_end ] --START--
INFO: ShowPageTrace Behavior ::run [ RunTime:0.002000s ]
INFO: [ view_end ] --END-- [ RunTime:0.002000s ]

[ 2015-07-01T14:14:54+08:00 ] 0.0.0.0 /kelun/Admin/Ship/index
INFO: [ route_check ] --START--
INFO: CheckRoute Behavior ::run [ RunTime:0.002000s ]
INFO: [ route_check ] --END-- [ RunTime:0.002000s ]
INFO: [ app_begin ] --START--
INFO: ReadHtmlCache Behavior ::run [ RunTime:0.002000s ]
INFO: [ app_begin ] --END-- [ RunTime:0.003000s ]
INFO: [ view_parse ] --START--
NOTIC: [2] in_array() expects parameter 2 to be array, null given D:\wamp\www\kelun\App\Modules\Admin\Common\function.php 第 11 行.
SQL: SELECT * FROM think_auth_group_access a LEFT JOIN think_auth_group g on a.group_id=g.id WHERE ( a.uid='1' and g.status='1' )  [ RunTime:0.001000s ]
SQL: SELECT * FROM `think_auth_rule` WHERE ( `id` IN ('1','2','3','4','5') ) AND ( `status` = 1 )  [ RunTime:0.038002s ]
INFO: ParseTemplate Behavior ::run [ RunTime:0.124007s ]
INFO: [ view_parse ] --END-- [ RunTime:0.125007s ]
INFO: [ view_filter ] --START--
INFO: ContentReplace Behavior ::run [ RunTime:0.002000s ]
INFO: TokenBuild Behavior ::run [ RunTime:0.002000s ]
INFO: WriteHtmlCache Behavior ::run [ RunTime:0.001000s ]
INFO: ShowRuntime Behavior ::run [ RunTime:0.002001s ]
INFO: [ view_filter ] --END-- [ RunTime:0.008001s ]
INFO: [ view_end ] --START--
INFO: ShowPageTrace Behavior ::run [ RunTime:0.002000s ]
INFO: [ view_end ] --END-- [ RunTime:0.002000s ]

[ 2015-07-01T14:15:14+08:00 ] 0.0.0.0 /kelun/Admin/Ship/select
INFO: [ route_check ] --START--
INFO: CheckRoute Behavior ::run [ RunTime:0.003001s ]
INFO: [ route_check ] --END-- [ RunTime:0.003001s ]
INFO: [ app_begin ] --START--
INFO: ReadHtmlCache Behavior ::run [ RunTime:0.001000s ]
INFO: [ app_begin ] --END-- [ RunTime:0.003000s ]
SQL: SHOW COLUMNS FROM `think_ship` [ RunTime:0.008001s ]
SQL: SELECT * FROM `think_ship` WHERE ( state = 1 )  [ RunTime:0.001000s ]
INFO: [ view_parse ] --START--
NOTIC: [2] in_array() expects parameter 2 to be array, null given D:\wamp\www\kelun\App\Modules\Admin\Common\function.php 第 11 行.
SQL: SELECT * FROM think_auth_group_access a LEFT JOIN think_auth_group g on a.group_id=g.id WHERE ( a.uid='1' and g.status='1' )  [ RunTime:0.001000s ]
SQL: SELECT * FROM `think_auth_rule` WHERE ( `id` IN ('1','2','3','4','5') ) AND ( `status` = 1 )  [ RunTime:0.002000s ]
INFO: ParseTemplate Behavior ::run [ RunTime:0.062004s ]
INFO: [ view_parse ] --END-- [ RunTime:0.062004s ]
INFO: [ view_filter ] --START--
INFO: ContentReplace Behavior ::run [ RunTime:0.002000s ]
INFO: TokenBuild Behavior ::run [ RunTime:0.002000s ]
INFO: WriteHtmlCache Behavior ::run [ RunTime:0.001000s ]
INFO: ShowRuntime Behavior ::run [ RunTime:0.002000s ]
INFO: [ view_filter ] --END-- [ RunTime:0.007000s ]
INFO: [ view_end ] --START--
INFO: ShowPageTrace Behavior ::run [ RunTime:0.003000s ]
INFO: [ view_end ] --END-- [ RunTime:0.003000s ]

[ 2015-07-01T14:15:37+08:00 ] 0.0.0.0 /kelun/Admin/Ship/select
INFO: [ route_check ] --START--
INFO: CheckRoute Behavior ::run [ RunTime:0.002000s ]
INFO: [ route_check ] --END-- [ RunTime:0.002000s ]
INFO: [ app_begin ] --START--
INFO: ReadHtmlCache Behavior ::run [ RunTime:0.002000s ]
INFO: [ app_begin ] --END-- [ RunTime:0.003000s ]
SQL: SHOW COLUMNS FROM `think_ship` [ RunTime:0.009001s ]
SQL: SELECT * FROM `think_ship` WHERE ( state = 1 )  [ RunTime:0.002000s ]
INFO: [ view_parse ] --START--
NOTIC: [2] in_array() expects parameter 2 to be array, null given D:\wamp\www\kelun\App\Modules\Admin\Common\function.php 第 11 行.
SQL: SELECT * FROM think_auth_group_access a LEFT JOIN think_auth_group g on a.group_id=g.id WHERE ( a.uid='1' and g.status='1' )  [ RunTime:0.002000s ]
SQL: SELECT * FROM `think_auth_rule` WHERE ( `id` IN ('1','2','3','4','5') ) AND ( `status` = 1 )  [ RunTime:0.001000s ]
INFO: ParseTemplate Behavior ::run [ RunTime:0.070004s ]
INFO: [ view_parse ] --END-- [ RunTime:0.071004s ]
INFO: [ view_filter ] --START--
INFO: ContentReplace Behavior ::run [ RunTime:0.003000s ]
INFO: TokenBuild Behavior ::run [ RunTime:0.002000s ]
INFO: WriteHtmlCache Behavior ::run [ RunTime:0.001001s ]
INFO: ShowRuntime Behavior ::run [ RunTime:0.004000s ]
INFO: [ view_filter ] --END-- [ RunTime:0.011001s ]
INFO: [ view_end ] --START--
INFO: ShowPageTrace Behavior ::run [ RunTime:0.002000s ]
INFO: [ view_end ] --END-- [ RunTime:0.003000s ]

[ 2015-07-01T14:15:39+08:00 ] 0.0.0.0 /kelun/Admin/Ship/add
INFO: [ route_check ] --START--
INFO: CheckRoute Behavior ::run [ RunTime:0.002000s ]
INFO: [ route_check ] --END-- [ RunTime:0.002000s ]
INFO: [ app_begin ] --START--
INFO: ReadHtmlCache Behavior ::run [ RunTime:0.002000s ]
INFO: [ app_begin ] --END-- [ RunTime:0.002000s ]
NOTIC: [8] Constant THEME_NAME already defined D:\wamp\www\kelun\ThinkPHP\Lib\Core\View.class.php 第 223 行.
NOTIC: [8] Constant THEME_PATH already defined D:\wamp\www\kelun\ThinkPHP\Lib\Core\View.class.php 第 171 行.
NOTIC: [8] Constant APP_TMPL_PATH already defined D:\wamp\www\kelun\ThinkPHP\Lib\Core\View.class.php 第 172 行.
INFO: [ view_parse ] --START--
NOTIC: [2] in_array() expects parameter 2 to be array, null given D:\wamp\www\kelun\App\Modules\Admin\Common\function.php 第 11 行.
SQL: SELECT * FROM think_auth_group_access a LEFT JOIN think_auth_group g on a.group_id=g.id WHERE ( a.uid='1' and g.status='1' )  [ RunTime:0.001000s ]
SQL: SELECT * FROM `think_auth_rule` WHERE ( `id` IN ('1','2','3','4','5') ) AND ( `status` = 1 )  [ RunTime:0.001000s ]
INFO: ParseTemplate Behavior ::run [ RunTime:0.058003s ]
INFO: [ view_parse ] --END-- [ RunTime:0.058003s ]
INFO: [ view_filter ] --START--
INFO: ContentReplace Behavior ::run [ RunTime:0.002000s ]
INFO: TokenBuild Behavior ::run [ RunTime:0.001000s ]
INFO: WriteHtmlCache Behavior ::run [ RunTime:0.000000s ]
INFO: ShowRuntime Behavior ::run [ RunTime:0.002000s ]
INFO: [ view_filter ] --END-- [ RunTime:0.007000s ]
INFO: [ view_end ] --START--
INFO: ShowPageTrace Behavior ::run [ RunTime:0.002001s ]
INFO: [ view_end ] --END-- [ RunTime:0.002001s ]

[ 2015-07-01T14:15:53+08:00 ] 0.0.0.0 /kelun/Admin/Ship/add
INFO: [ route_check ] --START--
INFO: CheckRoute Behavior ::run [ RunTime:0.002000s ]
INFO: [ route_check ] --END-- [ RunTime:0.003000s ]
INFO: [ app_begin ] --START--
INFO: ReadHtmlCache Behavior ::run [ RunTime:0.002000s ]
INFO: [ app_begin ] --END-- [ RunTime:0.002000s ]
NOTIC: [8] Constant THEME_NAME already defined D:\wamp\www\kelun\ThinkPHP\Lib\Core\View.class.php 第 223 行.
NOTIC: [8] Constant THEME_PATH already defined D:\wamp\www\kelun\ThinkPHP\Lib\Core\View.class.php 第 171 行.
NOTIC: [8] Constant APP_TMPL_PATH already defined D:\wamp\www\kelun\ThinkPHP\Lib\Core\View.class.php 第 172 行.
INFO: [ view_parse ] --START--
NOTIC: [2] in_array() expects parameter 2 to be array, null given D:\wamp\www\kelun\App\Modules\Admin\Common\function.php 第 11 行.
SQL: SELECT * FROM think_auth_group_access a LEFT JOIN think_auth_group g on a.group_id=g.id WHERE ( a.uid='1' and g.status='1' )  [ RunTime:0.001000s ]
SQL: SELECT * FROM `think_auth_rule` WHERE ( `id` IN ('1','2','3','4','5') ) AND ( `status` = 1 )  [ RunTime:0.001000s ]
INFO: ParseTemplate Behavior ::run [ RunTime:0.065004s ]
INFO: [ view_parse ] --END-- [ RunTime:0.066004s ]
INFO: [ view_filter ] --START--
INFO: ContentReplace Behavior ::run [ RunTime:0.002000s ]
INFO: TokenBuild Behavior ::run [ RunTime:0.002000s ]
INFO: WriteHtmlCache Behavior ::run [ RunTime:0.001000s ]
INFO: ShowRuntime Behavior ::run [ RunTime:0.001000s ]
INFO: [ view_filter ] --END-- [ RunTime:0.007000s ]
INFO: [ view_end ] --START--
INFO: ShowPageTrace Behavior ::run [ RunTime:0.002000s ]
INFO: [ view_end ] --END-- [ RunTime:0.003000s ]

[ 2015-07-01T14:15:54+08:00 ] 0.0.0.0 /kelun/Admin/Ship/order
INFO: [ route_check ] --START--
INFO: CheckRoute Behavior ::run [ RunTime:0.001000s ]
INFO: [ route_check ] --END-- [ RunTime:0.003000s ]
INFO: [ app_begin ] --START--
INFO: ReadHtmlCache Behavior ::run [ RunTime:0.002000s ]
INFO: [ app_begin ] --END-- [ RunTime:0.002000s ]
SQL: SHOW COLUMNS FROM `think_order` [ RunTime:0.047003s ]
SQL: SELECT * FROM `think_order`  [ RunTime:0.001000s ]
SQL: SHOW COLUMNS FROM `think_ship` [ RunTime:0.009001s ]
SQL: SELECT `ship_num` FROM `think_ship` WHERE ( ship_id = 1 ) LIMIT 1   [ RunTime:0.000000s ]
SQL: SELECT `ship_num` FROM `think_ship` WHERE ( ship_id = 1 ) LIMIT 1   [ RunTime:0.001000s ]
SQL: SELECT `ship_num` FROM `think_ship` WHERE ( ship_id = 0 ) LIMIT 1   [ RunTime:0.001000s ]
SQL: SELECT `ship_num` FROM `think_ship` WHERE ( ship_id = 2 ) LIMIT 1   [ RunTime:0.001000s ]
SQL: SELECT `ship_num` FROM `think_ship` WHERE ( ship_id = 3 ) LIMIT 1   [ RunTime:0.001000s ]
SQL: SELECT `ship_num` FROM `think_ship` WHERE ( ship_id = 4 ) LIMIT 1   [ RunTime:0.001001s ]
INFO: [ view_parse ] --START--
NOTIC: [2] in_array() expects parameter 2 to be array, null given D:\wamp\www\kelun\App\Modules\Admin\Common\function.php 第 11 行.
SQL: SELECT * FROM think_auth_group_access a LEFT JOIN think_auth_group g on a.group_id=g.id WHERE ( a.uid='1' and g.status='1' )  [ RunTime:0.001000s ]
SQL: SELECT * FROM `think_auth_rule` WHERE ( `id` IN ('1','2','3','4','5') ) AND ( `status` = 1 )  [ RunTime:0.001000s ]
INFO: ParseTemplate Behavior ::run [ RunTime:0.054003s ]
INFO: [ view_parse ] --END-- [ RunTime:0.054003s ]
INFO: [ view_filter ] --START--
INFO: ContentReplace Behavior ::run [ RunTime:0.002000s ]
INFO: TokenBuild Behavior ::run [ RunTime:0.001000s ]
INFO: WriteHtmlCache Behavior ::run [ RunTime:0.002000s ]
INFO: ShowRuntime Behavior ::run [ RunTime:0.002000s ]
INFO: [ view_filter ] --END-- [ RunTime:0.008000s ]
INFO: [ view_end ] --START--
INFO: ShowPageTrace Behavior ::run [ RunTime:0.002000s ]
INFO: [ view_end ] --END-- [ RunTime:0.002000s ]

[ 2015-07-01T14:16:10+08:00 ] 0.0.0.0 /kelun/
INFO: [ app_begin ] --START--
INFO: ReadHtmlCache Behavior ::run [ RunTime:0.002001s ]
INFO: [ app_begin ] --END-- [ RunTime:0.002001s ]
SQL: SHOW COLUMNS FROM `think_ship` [ RunTime:0.008000s ]
SQL: SELECT * FROM `think_ship` WHERE ( state = 1 )  [ RunTime:0.002001s ]
INFO: [ view_parse ] --START--
INFO: ParseTemplate Behavior ::run [ RunTime:0.041002s ]
INFO: [ view_parse ] --END-- [ RunTime:0.041002s ]
INFO: [ view_filter ] --START--
INFO: ContentReplace Behavior ::run [ RunTime:0.001000s ]
INFO: TokenBuild Behavior ::run [ RunTime:0.001000s ]
INFO: WriteHtmlCache Behavior ::run [ RunTime:0.003000s ]
INFO: ShowRuntime Behavior ::run [ RunTime:0.002001s ]
INFO: [ view_filter ] --END-- [ RunTime:0.009001s ]
INFO: [ view_end ] --START--
INFO: ShowPageTrace Behavior ::run [ RunTime:0.002000s ]
INFO: [ view_end ] --END-- [ RunTime:0.003000s ]

[ 2015-07-01T14:16:13+08:00 ] 0.0.0.0 /kelun/Home/Index/search
INFO: [ route_check ] --START--
INFO: CheckRoute Behavior ::run [ RunTime:0.002000s ]
INFO: [ route_check ] --END-- [ RunTime:0.002000s ]
INFO: [ app_begin ] --START--
INFO: ReadHtmlCache Behavior ::run [ RunTime:0.003000s ]
INFO: [ app_begin ] --END-- [ RunTime:0.003000s ]
SQL: SHOW COLUMNS FROM `think_order` [ RunTime:0.007001s ]
SQL: SELECT * FROM `think_order` WHERE ( `passport_id` = '12312321421' )  [ RunTime:0.002000s ]
NOTIC: [8] Undefined index: ship_id D:\wamp\www\kelun\App\Modules\Home\Action\IndexAction.class.php 第 38 行.
SQL: SHOW COLUMNS FROM `think_ship` [ RunTime:0.007000s ]
SQL: SELECT * FROM `think_ship` LIMIT 1   [ RunTime:0.001000s ]
INFO: [ view_parse ] --START--
INFO: ParseTemplate Behavior ::run [ RunTime:0.032002s ]
INFO: [ view_parse ] --END-- [ RunTime:0.032002s ]
INFO: [ view_filter ] --START--
INFO: ContentReplace Behavior ::run [ RunTime:0.002000s ]
INFO: TokenBuild Behavior ::run [ RunTime:0.002000s ]
INFO: WriteHtmlCache Behavior ::run [ RunTime:0.001000s ]
INFO: ShowRuntime Behavior ::run [ RunTime:0.002000s ]
INFO: [ view_filter ] --END-- [ RunTime:0.009000s ]
INFO: [ view_end ] --START--
INFO: ShowPageTrace Behavior ::run [ RunTime:0.002000s ]
INFO: [ view_end ] --END-- [ RunTime:0.003000s ]

